Added Component: Designator=1117_3.3V(AMS1117-3.3V  SOT-223  贴片)
Added Component: Designator=BAT(大2端子)
Added Component: Designator=C1(电容CBB224(0.22))
Added Component: Designator=C2(电容CBB224(0.22))
Added Component: Designator=C3(电容)
Added Component: Designator=C4(电容)
Added Component: Designator=C5(电容CBB224(0.22))
Added Component: Designator=C6(电容CBB224(0.22))
Added Component: Designator=C7(电容CBB224(0.22))
Added Component: Designator=C8(电容CBB224(0.22))
Added Component: Designator=C9(电容CBB224(0.22))
Added Component: Designator=C10(电容CBB224(0.22))
Added Component: Designator=C11(电容CBB224(0.22))
Added Component: Designator=C12(电容CBB224(0.22))
Added Component: Designator=C13(电容)
Added Component: Designator=D1(稳压二极管)
Added Component: Designator=D2(稳压二极管)
Added Component: Designator=J3(下载口（12345）)
Added Component: Designator=L(电感 直插)
Added Component: Designator=M1(MOS管 贴片)
Added Component: Designator=P2(GPS模块)
Added Component: Designator=P3(无线模块)
Added Component: Designator=P5(大2端子)
Added Component: Designator=PW(LED)
Added Component: Designator=R1(0805)
Added Component: Designator=R2(0805)
Added Component: Designator=R4(1206)
Added Component: Designator=R5(1206)
Added Component: Designator=R6(0805)
Added Component: Designator=R8(0805)
Added Component: Designator=R9(0805)
Added Component: Designator=Rcs(2512 贴片)
Added Component: Designator=S1(4脚按键)
Added Component: Designator=U1(DIP 40 单片机)
Added Component: Designator=U2(CN3717 贴片)
Added Component: Designator=Y1(晶振)
Added Component: Designator=Z2(自锁开关)
Added Pin To Net: NetName=GND Pin=1117_3.3V-1
Added Pin To Net: NetName=3.3V Pin=1117_3.3V-2
Added Pin To Net: NetName=VCC Pin=1117_3.3V-3
Added Pin To Net: NetName=VCC Pin=BAT-1
Added Pin To Net: NetName=GND Pin=BAT-2
Added Pin To Net: NetName=GND Pin=C1-1
Added Pin To Net: NetName=XTAL2 Pin=C1-2
Added Pin To Net: NetName=GND Pin=C2-1
Added Pin To Net: NetName=XTAL1 Pin=C2-2
Added Pin To Net: NetName=VCC Pin=C3-1
Added Pin To Net: NetName=GND Pin=C3-2
Added Pin To Net: NetName=3.3V Pin=C4-1
Added Pin To Net: NetName=GND Pin=C4-2
Added Pin To Net: NetName=3.3V Pin=C5-1
Added Pin To Net: NetName=GND Pin=C5-2
Added Pin To Net: NetName=GND Pin=C6-1
Added Pin To Net: NetName=NetC6_2 Pin=C6-2
Added Pin To Net: NetName=GND Pin=C7-1
Added Pin To Net: NetName=NetC7_2 Pin=C7-2
Added Pin To Net: NetName=GND Pin=C8-1
Added Pin To Net: NetName=NetC8_2 Pin=C8-2
Added Pin To Net: NetName=GND Pin=C9-1
Added Pin To Net: NetName=NetC9_2 Pin=C9-2
Added Pin To Net: NetName=NetC10_1 Pin=C10-1
Added Pin To Net: NetName=VCC Pin=C10-2
Added Pin To Net: NetName=GND Pin=C11-1
Added Pin To Net: NetName=VCC Pin=C11-2
Added Pin To Net: NetName=NetC12_1 Pin=C12-1
Added Pin To Net: NetName=NetC6_2 Pin=C12-2
Added Pin To Net: NetName=RES Pin=C13-1
Added Pin To Net: NetName=GND Pin=C13-2
Added Pin To Net: NetName=NetD1_1 Pin=D1-1
Added Pin To Net: NetName=NetD1_2 Pin=D1-2
Added Pin To Net: NetName=GND Pin=D2-1
Added Pin To Net: NetName=NetD1_2 Pin=D2-2
Added Pin To Net: NetName=MOSI Pin=J3-1
Added Pin To Net: NetName=RES Pin=J3-3
Added Pin To Net: NetName=SCK Pin=J3-4
Added Pin To Net: NetName=MISO Pin=J3-5
Added Pin To Net: NetName=NetJ3_6 Pin=J3-6
Added Pin To Net: NetName=GND Pin=J3-7
Added Pin To Net: NetName=GND Pin=J3-8
Added Pin To Net: NetName=GND Pin=J3-9
Added Pin To Net: NetName=GND Pin=J3-10
Added Pin To Net: NetName=NetD1_2 Pin=L-1
Added Pin To Net: NetName=NetL_2 Pin=L-2
Added Pin To Net: NetName=NetD1_1 Pin=M1-1
Added Pin To Net: NetName=NetM1_2 Pin=M1-2
Added Pin To Net: NetName=NetM1_2 Pin=M1-2
Added Pin To Net: NetName=NetC6_2 Pin=M1-3
Added Pin To Net: NetName=GND Pin=P2-1
Added Pin To Net: NetName=3.3V Pin=P2-2
Added Pin To Net: NetName=TXD Pin=P2-3
Added Pin To Net: NetName=RXD Pin=P2-4
Added Pin To Net: NetName=PPS Pin=P2-5
Added Pin To Net: NetName=GND Pin=P3-1
Added Pin To Net: NetName=3.3V Pin=P3-2
Added Pin To Net: NetName=CE Pin=P3-3
Added Pin To Net: NetName=CSN Pin=P3-4
Added Pin To Net: NetName=SCK Pin=P3-5
Added Pin To Net: NetName=MOSI Pin=P3-6
Added Pin To Net: NetName=MISO Pin=P3-7
Added Pin To Net: NetName=IRQ Pin=P3-8
Added Pin To Net: NetName=NetC6_2 Pin=P5-1
Added Pin To Net: NetName=GND Pin=P5-2
Added Pin To Net: NetName=NetPW_1 Pin=PW-1
Added Pin To Net: NetName=GND Pin=PW-2
Added Pin To Net: NetName=3.3V Pin=R1-1
Added Pin To Net: NetName=RES Pin=R1-2
Added Pin To Net: NetName=3.3V Pin=R2-1
Added Pin To Net: NetName=NetPW_1 Pin=R2-2
Added Pin To Net: NetName=GND Pin=R4-1
Added Pin To Net: NetName=NetR4_2 Pin=R4-2
Added Pin To Net: NetName=GND Pin=R5-1
Added Pin To Net: NetName=NetR5_2 Pin=R5-2
Added Pin To Net: NetName=NetC9_2 Pin=R6-1
Added Pin To Net: NetName=NetR6_2 Pin=R6-2
Added Pin To Net: NetName=GND Pin=R8-1
Added Pin To Net: NetName=NetC10_1 Pin=R8-2
Added Pin To Net: NetName=NetC10_1 Pin=R9-1
Added Pin To Net: NetName=VCC Pin=R9-2
Added Pin To Net: NetName=NetL_2 Pin=Rcs-1
Added Pin To Net: NetName=VCC Pin=Rcs-2
Added Pin To Net: NetName=RES Pin=S1-1
Added Pin To Net: NetName=RES Pin=S1-1
Added Pin To Net: NetName=GND Pin=S1-2
Added Pin To Net: NetName=GND Pin=S1-2
Added Pin To Net: NetName=IRQ Pin=U1-3
Added Pin To Net: NetName=CE Pin=U1-4
Added Pin To Net: NetName=CSN Pin=U1-5
Added Pin To Net: NetName=MOSI Pin=U1-6
Added Pin To Net: NetName=MISO Pin=U1-7
Added Pin To Net: NetName=SCK Pin=U1-8
Added Pin To Net: NetName=RES Pin=U1-9
Added Pin To Net: NetName=3.3V Pin=U1-10
Added Pin To Net: NetName=GND Pin=U1-11
Added Pin To Net: NetName=XTAL2 Pin=U1-12
Added Pin To Net: NetName=XTAL1 Pin=U1-13
Added Pin To Net: NetName=RXD Pin=U1-14
Added Pin To Net: NetName=TXD Pin=U1-15
Added Pin To Net: NetName=PPS Pin=U1-16
Added Pin To Net: NetName=3.3V Pin=U1-30
Added Pin To Net: NetName=GND Pin=U1-31
Added Pin To Net: NetName=3.3V Pin=U1-32
Added Pin To Net: NetName=NetC12_1 Pin=U2-1
Added Pin To Net: NetName=GND Pin=U2-2
Added Pin To Net: NetName=GND Pin=U2-3
Added Pin To Net: NetName=PA7 Pin=U2-4
Added Pin To Net: NetName=PA6 Pin=U2-5
Added Pin To Net: NetName=NetR4_2 Pin=U2-6
Added Pin To Net: NetName=NetR5_2 Pin=U2-7
Added Pin To Net: NetName=NetC8_2 Pin=U2-8
Added Pin To Net: NetName=NetR6_2 Pin=U2-9
Added Pin To Net: NetName=NetC10_1 Pin=U2-10
Added Pin To Net: NetName=NetC7_2 Pin=U2-11
Added Pin To Net: NetName=NetL_2 Pin=U2-13
Added Pin To Net: NetName=VCC Pin=U2-14
Added Pin To Net: NetName=NetC6_2 Pin=U2-15
Added Pin To Net: NetName=NetM1_2 Pin=U2-16
Added Pin To Net: NetName=XTAL1 Pin=Y1-1
Added Pin To Net: NetName=XTAL2 Pin=Y1-2
Added Pin To Net: NetName=NetJ3_6 Pin=Z2-2
Added Pin To Net: NetName=VCC Pin=Z2-3
Added Member To Class: ClassName=Sheet2 Member=Component 1117_3.3V AMS1117
Added Member To Class: ClassName=Sheet2 Member=Component BAT Battery
Added Member To Class: ClassName=Sheet2 Member=Component C1 
Added Member To Class: ClassName=Sheet2 Member=Component C2 
Added Member To Class: ClassName=Sheet2 Member=Component C3 
Added Member To Class: ClassName=Sheet2 Member=Component C4 
Added Member To Class: ClassName=Sheet2 Member=Component C5 Cap
Added Member To Class: ClassName=Sheet2 Member=Component C6 Cap
Added Member To Class: ClassName=Sheet2 Member=Component C7 Cap
Added Member To Class: ClassName=Sheet2 Member=Component C8 Cap
Added Member To Class: ClassName=Sheet2 Member=Component C9 Cap
Added Member To Class: ClassName=Sheet2 Member=Component C10 Cap
Added Member To Class: ClassName=Sheet2 Member=Component C11 Cap
Added Member To Class: ClassName=Sheet2 Member=Component C12 Cap
Added Member To Class: ClassName=Sheet2 Member=Component C13 
Added Member To Class: ClassName=Sheet2 Member=Component D1 1n4007
Added Member To Class: ClassName=Sheet2 Member=Component D2 1n4007
Added Member To Class: ClassName=Sheet2 Member=Component J3 牛角座
Added Member To Class: ClassName=Sheet2 Member=Component L Inductor
Added Member To Class: ClassName=Sheet2 Member=Component M1 MOSFET-N
Added Member To Class: ClassName=Sheet2 Member=Component P2 GPS
Added Member To Class: ClassName=Sheet2 Member=Component P3 无线
Added Member To Class: ClassName=Sheet2 Member=Component P5 太阳能输入
Added Member To Class: ClassName=Sheet2 Member=Component PW 
Added Member To Class: ClassName=Sheet2 Member=Component R1 
Added Member To Class: ClassName=Sheet2 Member=Component R2 
Added Member To Class: ClassName=Sheet2 Member=Component R4 NTC
Added Member To Class: ClassName=Sheet2 Member=Component R5 Res1
Added Member To Class: ClassName=Sheet2 Member=Component R6 Res1
Added Member To Class: ClassName=Sheet2 Member=Component R8 Res1
Added Member To Class: ClassName=Sheet2 Member=Component R9 Res1
Added Member To Class: ClassName=Sheet2 Member=Component Rcs Res1
Added Member To Class: ClassName=Sheet2 Member=Component S1 
Added Member To Class: ClassName=Sheet2 Member=Component U1 ATmega16
Added Member To Class: ClassName=Sheet2 Member=Component U2 CN3717
Added Member To Class: ClassName=Sheet2 Member=Component Y1 8M
Added Member To Class: ClassName=Sheet2 Member=Component Z2 电源开关
Added Room: Name=Sheet2
