C51 COMPILER V9.54   DISPLAY                                                               03/28/2018 17:38:41 PAGE 1   


C51 COMPILER V9.54, COMPILATION OF MODULE DISPLAY
OBJECT MODULE PLACED IN .\Objects\display.obj
COMPILER INVOKED BY: E:\Keil\Keil_v5\C51\BIN\C51.EXE display.c OPTIMIZE(8,SPEED) BROWSE DEBUG OBJECTEXTEND PRINT(.\Listi
                    -ngs\display.lst) OBJECT(.\Objects\display.obj)

line level    source

   1          #include "display.h"
   2          
   3          
   4          uchar smg[]={0xc0,0xf9,0xa4,0xb0,0x99,0x92,0x82,0xf8,0x80,0x90};
   5          
   6          void display_smg(uchar sum1,uchar sum2,uchar sum3,uchar sum4)
   7          {
   8   1              static uchar temp[8];
   9   1              static uchar i;
  10   1      
  11   1              temp[0]=smg[sum1/10];
  12   1              temp[1]=smg[sum1%10];
  13   1              temp[2]=smg[sum2/10];
  14   1              temp[3]=smg[sum2%10];
  15   1              temp[4]=smg[sum3/10];
  16   1              temp[5]=smg[sum3%10];
  17   1              temp[6]=smg[sum4/10];
  18   1              temp[7]=smg[sum4%10];
  19   1      
  20   1              XBYTE[0xe000]=0xff;
  21   1              XBYTE[0xC000]=0x01<<i;
  22   1              XBYTE[0xE000]=temp[i];
  23   1      
  24   1              if(++i>=8)
  25   1              i=0;
  26   1      }


MODULE INFORMATION:   STATIC OVERLAYABLE
   CODE SIZE        =    144    ----
   CONSTANT SIZE    =   ----    ----
   XDATA SIZE       =   ----    ----
   PDATA SIZE       =   ----    ----
   DATA SIZE        =     19       4
   IDATA SIZE       =   ----    ----
   BIT SIZE         =   ----    ----
END OF MODULE INFORMATION.


C51 COMPILATION COMPLETE.  0 WARNING(S),  0 ERROR(S)
