C51 COMPILER V9.54   IIC                                                                   05/21/2018 17:15:25 PAGE 1   


C51 COMPILER V9.54, COMPILATION OF MODULE IIC
OBJECT MODULE PLACED IN .\Objects\iic.obj
COMPILER INVOKED BY: E:\Keil\Keil_v5\C51\BIN\C51.EXE iic.c OPTIMIZE(8,SPEED) BROWSE DEBUG OBJECTEXTEND PRINT(.\Listings\
                    -iic.lst) OBJECT(.\Objects\iic.obj)

line level    source

   1          #include "iic.h"
   2          
   3          sbit scl = P2^0;
   4          sbit sda = P2^1;
   5          
   6          
   7          void Delay5us()         //@12.000MHz
   8          {
   9   1              unsigned char i;
  10   1      
  11   1              _nop_();
  12   1              _nop_();
  13   1              i = 12;
  14   1              while (--i);
  15   1      }
  16          
  17          
  18          void iic_start(void)
  19          {
  20   1          sda = 1;
  21   1          Delay5us();
  22   1          scl = 1;
  23   1          Delay5us();
  24   1          sda = 0;
  25   1          Delay5us();
  26   1      }
  27          
  28          
  29          void iic_stop(void)
  30          {
  31   1          sda = 0;
  32   1          Delay5us();
  33   1          scl = 1;
  34   1          Delay5us();
  35   1          sda = 1;
  36   1          Delay5us();
  37   1      }
  38          
  39          
  40          void iic_ack(void)
  41          {
  42   1          uchar i = 200;
  43   1          scl = 1;
  44   1          Delay5us();
  45   1          while(sda&&i--);
  46   1          scl = 0;
  47   1      }
  48          
  49          
  50          void iic_mack(void)
  51          {
  52   1          sda = 0;
  53   1          Delay5us();
  54   1          scl = 1;
C51 COMPILER V9.54   IIC                                                                   05/21/2018 17:15:25 PAGE 2   

  55   1          Delay5us();
  56   1          scl = 0;
  57   1          Delay5us();
  58   1          sda = 1;
  59   1      }
  60          
  61          
  62          void iic_nack(void)
  63          {
  64   1          scl = 1;
  65   1          Delay5us();
  66   1          sda = 1;
  67   1          Delay5us();
  68   1          scl = 0;
  69   1          Delay5us();
  70   1      }
  71          
  72          
  73          void iic_write(uchar dat)
  74          {
  75   1          uchar i;
  76   1          for(i = 0; i < 8; i++)
  77   1          {
  78   2              scl = 0;
  79   2              Delay5us();
  80   2              if(dat&0x80)
  81   2                  sda = 1;
  82   2              else
  83   2                  sda = 0;
  84   2              Delay5us();
  85   2              scl = 1;
  86   2              dat<<=1;
  87   2          }
  88   1          scl = 0;
  89   1      }
  90          
  91          
  92          uchar iic_read(void)
  93          {
  94   1          uchar i,dat;
  95   1          sda = 1;
  96   1          for(i = 0; i < 8 ; i++)
  97   1          {
  98   2              dat<<=1;
  99   2              scl = 1;
 100   2              Delay5us();
 101   2              if(sda)
 102   2                  dat |= 1;
 103   2              Delay5us();
 104   2              scl = 0;
 105   2              Delay5us();
 106   2          }
 107   1          return dat;
 108   1      }
 109          
 110          
 111          void iic_write_buffer(uchar add, uchar *dat, uchar num)
 112          {
 113   1          uchar i;
 114   1          iic_start();
 115   1          iic_write(0xa0);
 116   1          iic_ack();
C51 COMPILER V9.54   IIC                                                                   05/21/2018 17:15:25 PAGE 3   

 117   1          iic_write(add);
 118   1          iic_ack();
 119   1          for(i = 0;i< num;i++)
 120   1          {
 121   2              iic_write(*dat);
 122   2              iic_ack();
 123   2              dat++;
 124   2          }
 125   1          iic_stop();
 126   1      }
 127          
 128          
 129          void iic_read_buffer(uchar add,uchar *dat, uchar num)
 130          {
 131   1          uchar i;
 132   1          iic_start();
 133   1          iic_write(0xa0);
 134   1          iic_ack();
 135   1          iic_write(add);
 136   1          iic_ack();
 137   1          iic_start();
 138   1          iic_write(0xa1);
 139   1          iic_ack();
 140   1          for(i = 0;i<num;i++)
 141   1          {
 142   2              *dat = iic_read();
 143   2              iic_mack();
 144   2              dat++;
 145   2          }
 146   1          iic_nack();
 147   1          iic_stop();
 148   1      }
 149          


MODULE INFORMATION:   STATIC OVERLAYABLE
   CODE SIZE        =    246    ----
   CONSTANT SIZE    =   ----    ----
   XDATA SIZE       =   ----    ----
   PDATA SIZE       =   ----    ----
   DATA SIZE        =   ----      10
   IDATA SIZE       =   ----    ----
   BIT SIZE         =   ----    ----
END OF MODULE INFORMATION.


C51 COMPILATION COMPLETE.  0 WARNING(S),  0 ERROR(S)
