C51 COMPILER V9.54   UART                                                                  05/21/2018 16:22:52 PAGE 1   


C51 COMPILER V9.54, COMPILATION OF MODULE UART
OBJECT MODULE PLACED IN .\Objects\uart.obj
COMPILER INVOKED BY: E:\Keil\Keil_v5\C51\BIN\C51.EXE uart.c OPTIMIZE(8,SPEED) BROWSE DEBUG OBJECTEXTEND PRINT(.\Listings
                    -\uart.lst) OBJECT(.\Objects\uart.obj)

line level    source

   1          #include "uart.h"
   2          
   3          
   4          void UartInit(void)             //9600bps@11.0592MHz
   5          {
   6   1              SCON = 0x50;            //8位数据,可变波特率
   7   1              AUXR |= 0x01;           //串口1选择定时器2为波特率发生器
   8   1              AUXR &= 0xFB;           //定时器2时钟为Fosc/12,即12T
   9   1              T2L = 0xE8;             //设定定时初值
  10   1              T2H = 0xFF;             //设定定时初值
  11   1              AUXR |= 0x10;           //启动定时器2
  12   1          ES=1;
  13   1      }
  14          
  15          
  16          void Uart_Send_Byte(char dat)
  17          {
  18   1          SBUF = dat;
  19   1          while(TI == 0);
  20   1          TI = 0;
  21   1      }
  22          
  23          char Uart_Receive_Byte(void)
  24          {
  25   1          while(RI == 0);
  26   1          RI=0;
  27   1          return SBUF;
  28   1      }
  29          
  30          
  31          void Uart_Send_Str(char *pstr)
  32          {
  33   1          while(*pstr != '\0')
  34   1          {
  35   2              Uart_Send_Byte(*pstr);
  36   2              pstr++;
  37   2          }
  38   1      }
  39          
  40          
  41          


MODULE INFORMATION:   STATIC OVERLAYABLE
   CODE SIZE        =     56    ----
   CONSTANT SIZE    =   ----    ----
   XDATA SIZE       =   ----    ----
   PDATA SIZE       =   ----    ----
   DATA SIZE        =   ----    ----
   IDATA SIZE       =   ----    ----
   BIT SIZE         =   ----    ----
END OF MODULE INFORMATION.


C51 COMPILATION COMPLETE.  0 WARNING(S),  0 ERROR(S)
