C51 COMPILER V9.54   DISPLAY                                                               05/19/2018 19:55:40 PAGE 1   


C51 COMPILER V9.54, COMPILATION OF MODULE DISPLAY
OBJECT MODULE PLACED IN ..\Output\display.obj
COMPILER INVOKED BY: E:\Keil\Keil_v5\C51\BIN\C51.EXE ..\Drivers\display.c OPTIMIZE(8,SPEED) BROWSE INCDIR(..\App;..\Driv
                    -ers) DEBUG OBJECTEXTEND PRINT(..\Listing\display.lst) OBJECT(..\Output\display.obj)

line level    source

   1          #include "display.h"
   2          
   3          
   4          const uchar smg_code[]={0xc0,0xf9,0xa4,0xb0,0x99,0x92,0x82,0xf8,0x80,0x90,0xff,0xbf,0xc6,0x8e};
   5          
   6          
   7          void display_c(uint sum1,uint sum2)
   8          {
   9   1              static uchar i;
  10   1          uchar buf[8];
  11   1          
  12   1          buf[0] = smg_code[SMG_C];
  13   1          buf[1] = smg_code[SMG_OFF];
  14   1          buf[2] = smg_code[sum1/100];
  15   1          buf[3] = smg_code[sum1/10%10];
  16   1          buf[4] = smg_code[sum1%10];
  17   1          buf[5] = smg_code[sum2/100];
  18   1          buf[6] = smg_code[sum2/10%10];
  19   1          buf[7] = smg_code[sum2%10];
  20   1          
  21   1          XBYTE[0XE000] = 0xff;
  22   1          XBYTE[0XC000] = 1<<i;
  23   1          XBYTE[0XE000] = buf[i];
  24   1          
  25   1          if(++i>=8)
  26   1              i = 0;
  27   1      }
  28          
  29          
  30          void display_b(uchar num, uint sum)
  31          {
  32   1              static uchar i;
  33   1          uchar buf[8];
  34   1          
  35   1          buf[0] = smg_code[num];
  36   1          buf[1] = smg_code[SMG_OFF];
  37   1          buf[2] = smg_code[SMG_OFF];
  38   1          buf[3] = smg_code[SMG_OFF];
  39   1          buf[4] = smg_code[SMG_OFF];
  40   1          buf[5] = smg_code[sum/100];
  41   1          buf[6] = smg_code[sum/10%10];
  42   1          buf[7] = smg_code[sum%10];
  43   1          
  44   1          XBYTE[0XE000] = 0xff;
  45   1          XBYTE[0XC000] = 1<<i;
  46   1          XBYTE[0XE000] = buf[i];
  47   1          
  48   1          if(++i>=8)
  49   1              i = 0;
  50   1      }
  51          
  52          
  53          void display_f(uchar sum)
  54          {
C51 COMPILER V9.54   DISPLAY                                                               05/19/2018 19:55:40 PAGE 2   

  55   1              static uchar i;
  56   1          uchar buf[8];
  57   1          
  58   1          buf[0] = smg_code[SMG_F];
  59   1          buf[1] = smg_code[SMG_OFF];
  60   1          buf[2] = smg_code[SMG_OFF];
  61   1          buf[3] = smg_code[SMG_OFF];
  62   1          buf[4] = smg_code[SMG_OFF];
  63   1          buf[5] = smg_code[SMG_OFF];
  64   1          buf[6] = smg_code[sum/10];
  65   1          buf[7] = smg_code[sum%10];
  66   1          
  67   1          XBYTE[0XE000] = 0xff;
  68   1          XBYTE[0XC000] = 1<<i;
  69   1          XBYTE[0XE000] = buf[i];
  70   1          
  71   1          if(++i>=8)
  72   1              i = 0;
  73   1      }
  74          


MODULE INFORMATION:   STATIC OVERLAYABLE
   CODE SIZE        =    396    ----
   CONSTANT SIZE    =   ----    ----
   XDATA SIZE       =   ----    ----
   PDATA SIZE       =   ----    ----
   DATA SIZE        =     17      26
   IDATA SIZE       =   ----    ----
   BIT SIZE         =   ----    ----
END OF MODULE INFORMATION.


C51 COMPILATION COMPLETE.  0 WARNING(S),  0 ERROR(S)
