C51 COMPILER V9.54   KEY                                                                   05/19/2018 20:37:02 PAGE 1   


C51 COMPILER V9.54, COMPILATION OF MODULE KEY
OBJECT MODULE PLACED IN ..\Output\key.obj
COMPILER INVOKED BY: E:\Keil\Keil_v5\C51\BIN\C51.EXE ..\Drivers\key.c OPTIMIZE(8,SPEED) BROWSE INCDIR(..\App;..\Drivers)
                    - DEBUG OBJECTEXTEND PRINT(..\Listing\key.lst) OBJECT(..\Output\key.obj)

line level    source

   1          #include "key.h"
   2          
   3          bit flag;
   4          
   5          void key_on(void)
   6          {
   7   1          static uchar i;
   8   1          P3 = 0x0f;
   9   1          if( (P3&0x0f) != 0x0f)
  10   1          {
  11   2              if(i >= 30)
  12   2              {
  13   3                  i = 30;
  14   3                  flag = 1;
  15   3              }
  16   2              else
  17   2                  i++;
  18   2          }
  19   1          else
  20   1          {
  21   2              i = 0;
  22   2              flag = 0;
  23   2          }
  24   1      }
  25          
  26          
  27          uchar key_scanf(void)
  28          {
  29   1          uchar num=0;
  30   1          if(flag)
  31   1          {
  32   2              if     (P30 == 0)
  33   2              {
  34   3                  num =  S7_ON;
  35   3                  while(flag);
  36   3              }
  37   2              else if(P31 == 0)
  38   2              {
  39   3                  num =  S6_ON;
  40   3                  while(flag);
  41   3              }
  42   2              else if(P32 == 0)
  43   2              {
  44   3                  num =  S5_ON;
  45   3                  while(flag);
  46   3              }
  47   2              else if(P33 == 0)
  48   2              {
  49   3                  num =  S4_ON;
  50   3                  while(flag);
  51   3              }
  52   2          }
  53   1          return num;
  54   1      }
C51 COMPILER V9.54   KEY                                                                   05/19/2018 20:37:02 PAGE 2   



MODULE INFORMATION:   STATIC OVERLAYABLE
   CODE SIZE        =     76    ----
   CONSTANT SIZE    =   ----    ----
   XDATA SIZE       =   ----    ----
   PDATA SIZE       =   ----    ----
   DATA SIZE        =      1    ----
   IDATA SIZE       =   ----    ----
   BIT SIZE         =      1    ----
END OF MODULE INFORMATION.


C51 COMPILATION COMPLETE.  0 WARNING(S),  0 ERROR(S)
