Interrupt Vectors
    00000 940C 002A JMP	__start|__text_start

Program Code (text area)
__start|__text_start:
    0002A E5CF      LDI	R28,0x5F
    0002B E0D4      LDI	R29,4
    0002C BFCD      OUT	0x3D,R28
    0002D BFDE      OUT	0x3E,R29
    0002E 51CE      SUBI	R28,0x1E
    0002F 40D0      SBCI	R29,0
    00030 EA0A      LDI	R16,0xAA
    00031 8308      ST	Y,R16
    00032 2400      CLR	R0
    00033 E6E0      LDI	R30,0x60
    00034 E0F0      LDI	R31,0
    00035 E010      LDI	R17,0
    00036 36E0      CPI	R30,0x60
    00037 07F1      CPC	R31,R17
    00038 F011      BEQ	0x003B
    00039 9201      ST	Z+,R0
    0003A CFFB      RJMP	0x0036
    0003B 8300      ST	Z,R16
    0003C E5E4      LDI	R30,0x54
    0003D E0F0      LDI	R31,0
    0003E E6A0      LDI	R26,0x60
    0003F E0B0      LDI	R27,0
    00040 E010      LDI	R17,0
    00041 E000      LDI	R16,0
    00042 BF0B      OUT	0x3B,R16
    00043 35E4      CPI	R30,0x54
    00044 07F1      CPC	R31,R17
    00045 F021      BEQ	0x004A
    00046 95C8      LPM
    00047 9631      ADIW	R30,1
    00048 920D      ST	X+,R0
    00049 CFF9      RJMP	0x0043
    0004A 940E 004D CALL	_main
_exit:
    0004C CFFF      RJMP	_exit
FILE: C:\Users\Kong\Desktop\ns\main.c
(0001) #include "iom164v.h"
(0002) 
(0003) void main(void)
(0004) {
(0005) 	DDRD|=1<<3;
_main:
    0004D 9A53      SBI	0x0A,3
    0004E C004      RJMP	0x0053
(0006) 	while(1)
(0007) 	{
(0008) 		PORTD^=(1<<3);
FILE: <library>
    0004F E088      LDI	R24,0x8
    00050 B02B      IN	R2,0x0B
    00051 2628      EOR	R2,R24
    00052 B82B      OUT	0x0B,R2
    00053 CFFB      RJMP	0x004F
    00054 9508      RET
