                        .module main.c
                        .area text(rom, con, rel)
 0000                   .dbfile C:\Users\Kong\Desktop\ns\main.c
 0000                   .dbfunc e main _main fV
                        .even
 0000           _main::
 0000                   .dbline -1
 0000                   .dbline 4
 0000           ; #include "iom164v.h"
 0000           ; 
 0000           ; void main(void)
 0000           ; {
 0000                   .dbline 5
 0000           ;       DDRD|=1<<3;
 0000 539A              sbi 0xa,3
 0002 04C0              xjmp L3
 0004           L2:
 0004                   .dbline 7
 0004           ;       while(1)
 0004           ;       {
 0004                   .dbline 8
 0004           ;               PORTD^=(1<<3);
 0004 88E0              ldi R24,8
 0006 2BB0              in R2,0xb
 0008 2826              eor R2,R24
 000A 2BB8              out 0xb,R2
 000C                   .dbline 9
 000C           ;       }
 000C           L3:
 000C                   .dbline 6
 000C FBCF              xjmp L2
 000E           X0:
 000E                   .dbline -2
 000E           L1:
 000E                   .dbline 0 ; func end
 000E 0895              ret
 0010                   .dbend
 0010           ; }
