C51 COMPILER V9.54   SONIC                                                                 05/15/2018 19:42:37 PAGE 1   


C51 COMPILER V9.54, COMPILATION OF MODULE SONIC
OBJECT MODULE PLACED IN .\Objects\sonic.obj
COMPILER INVOKED BY: E:\Keil\Keil_v5\C51\BIN\C51.EXE sonic.c OPTIMIZE(8,SPEED) BROWSE DEBUG OBJECTEXTEND PRINT(.\Listing
                    -s\sonic.lst) OBJECT(.\Objects\sonic.obj)

line level    source

   1          #include "sonic.h"
   2          
   3          sbit SONIC_TX = P1^0;  //发射引脚
   4          sbit SONIC_RX = P1^1;  //接收引脚
   5          
   6          static bit sent_flag;
   7          
   8          void sonic_sent(void)
   9          {
  10   1          static uchar i;
  11   1          if(sent_flag)
  12   1          {
  13   2              SONIC_TX = ~SONIC_TX;
  14   2              if(++i>=8)
  15   2              {
  16   3                  i = 0;
  17   3                  sent_flag = 0;
  18   3              }
  19   2          }
  20   1      }
  21          
  22          
  23          // 200毫秒更新一次数据
  24          uint sonic_get(void)
  25          {
  26   1              uint t = 0;
  27   1          static uint dat;
  28   1          if(!sent_flag)
  29   1          {
  30   2              TH1 = 0;
  31   2              TL1 = 0;
  32   2              sent_flag = 1;              //发生8个方波启动超声波模块
  33   2              TR1 = 1;                    //开始定时
  34   2              while((SONIC_RX==1)&&(TF1==0));   //等待收到脉冲   
  35   2              TR1 = 0;                    //关闭定时
  36   2              
  37   2              if((TF1 == 1))              //无返回|(TH1 & 0x10)
  38   2              {
  39   3                  TF1 = 0;                //没有检测到返回信号，定时器溢出清零
  40   3                  dat = 9999;            //无返回
  41   3              }
  42   2              else 
  43   2              {
  44   3                  t = TH1;
  45   3                  t <<= 8;
  46   3                  t |= TL1;
  47   3                  dat = (uint)(t*0.017); //计算距离   
  48   3              }
  49   2          }
  50   1          return dat;
  51   1      } 


MODULE INFORMATION:   STATIC OVERLAYABLE
C51 COMPILER V9.54   SONIC                                                                 05/15/2018 19:42:37 PAGE 2   

   CODE SIZE        =     92    ----
   CONSTANT SIZE    =   ----    ----
   XDATA SIZE       =   ----    ----
   PDATA SIZE       =   ----    ----
   DATA SIZE        =      3    ----
   IDATA SIZE       =   ----    ----
   BIT SIZE         =      1    ----
END OF MODULE INFORMATION.


C51 COMPILATION COMPLETE.  0 WARNING(S),  0 ERROR(S)
