C51 COMPILER V9.54   DS1302                                                                03/19/2018 16:55:20 PAGE 1   


C51 COMPILER V9.54, COMPILATION OF MODULE DS1302
OBJECT MODULE PLACED IN ..\Output\ds1302.obj
COMPILER INVOKED BY: E:\Keil\Keil_v5\C51\BIN\C51.EXE ..\Drivers\ds1302.c OPTIMIZE(8,SPEED) BROWSE INCDIR(..\Drivers;..\A
                    -pp) DEBUG OBJECTEXTEND PRINT(..\Listing\ds1302.lst) OBJECT(..\Output\ds1302.obj)

line level    source

   1          #include "ds1302.h"
   2          
   3          void byte_write(uchar dat)
   4          {
   5   1          uchar i;
   6   1          for(i=0;i<8;i++)
   7   1          {
   8   2              sck = 0;
   9   2              io = dat&1;
  10   2              dat>>=1;
  11   2              sck = 1;
  12   2          }
  13   1      }
  14          
  15          uchar byte_read(void)
  16          {
  17   1          uchar i,dat;
  18   1          for(i=0;i<8;i++)
  19   1          {
  20   2              dat>>=1;
  21   2              sck = 0;
  22   2              if(io == 1)
  23   2                  dat|=0x80;
  24   2              sck = 1;
  25   2          }
  26   1          return dat;
  27   1      }
  28          
  29          uchar hex_to_bcd(uchar dat)
  30          {
  31   1          return (dat/10)*16+(dat%10);
  32   1      }
  33          
  34          uchar bcd_to_hex(uchar dat)
  35          {
  36   1          return (dat/16)*10+(dat%16);
  37   1      }
  38          
  39          void write_ds1302(uchar addr,uchar dat)
  40          {
  41   1          dat = hex_to_bcd(dat);
  42   1          rst = 0;
  43   1          sck = 0;
  44   1          io = 0;
  45   1          rst = 1;
  46   1          byte_write(addr);
  47   1          byte_write(dat);
  48   1          rst = 0;
  49   1      }
  50          
  51          uchar read_ds1302(uchar addr)
  52          {
  53   1          
  54   1          rst = 0;
C51 COMPILER V9.54   DS1302                                                                03/19/2018 16:55:20 PAGE 2   

  55   1          sck = 0;
  56   1          io=0;
  57   1          rst = 1;
  58   1          byte_write(addr);
  59   1      
  60   1          return bcd_to_hex(byte_read());
  61   1      }
  62          
  63          void set_time(void)
  64          {
  65   1          write_ds1302(DS_W_SEC,55);
  66   1          write_ds1302(DS_W_MIN,59);
  67   1          write_ds1302(DS_W_HOUR,14);
  68   1      
  69   1      }


MODULE INFORMATION:   STATIC OVERLAYABLE
   CODE SIZE        =    143    ----
   CONSTANT SIZE    =   ----    ----
   XDATA SIZE       =   ----    ----
   PDATA SIZE       =   ----    ----
   DATA SIZE        =   ----    ----
   IDATA SIZE       =   ----    ----
   BIT SIZE         =   ----    ----
END OF MODULE INFORMATION.


C51 COMPILATION COMPLETE.  0 WARNING(S),  0 ERROR(S)
