C51 COMPILER V9.54   KEY                                                                   03/19/2018 16:55:20 PAGE 1   


C51 COMPILER V9.54, COMPILATION OF MODULE KEY
OBJECT MODULE PLACED IN ..\Output\key.obj
COMPILER INVOKED BY: E:\Keil\Keil_v5\C51\BIN\C51.EXE ..\Drivers\key.c OPTIMIZE(8,SPEED) BROWSE INCDIR(..\Drivers;..\App)
                    - DEBUG OBJECTEXTEND PRINT(..\Listing\key.lst) OBJECT(..\Output\key.obj)

line level    source

   1          #include "key.h"
   2          
   3          extern bit key_flag;    //引用主文件的变量
   4          
   5          
   6          /*获取键值*/
   7          static unsigned char GetKey(void)
   8          {
   9   1          unsigned char i;
  10   1          P42 = 1;
  11   1          P44 = 1;
  12   1          for(i=0;i<4;i++)
  13   1          {   
  14   2              P3=~(1<<i);
  15   2              if     (P44 == 0)    return i*4+1;
  16   2              else if(P42 == 0)    return i*4+2;
  17   2              else if(P35 == 0)    return i*4+3;
  18   2              else if(P34 == 0)    return i*4+4;
  19   2          }
  20   1          return 0;
  21   1      }
  22          
  23          
  24          /*对按键滤波消抖*/
  25          bit key_on(void)
  26          {
  27   1          static unsigned char j;
  28   1          static bit k;
  29   1          if(GetKey()>0)             //如果有按下，对按键进行 15*定时器时间的滤波
  30   1          {
  31   2              if(j>=15)              
  32   2                  k=1;                //滤波完成
  33   2              else
  34   2                  j++;
  35   2          }
  36   1          else
  37   1          {
  38   2              j=0;                    //如果抖动，舍弃信号重新采样
  39   2              k=0;
  40   2          }
  41   1          return k;
  42   1      }
  43          
  44          
  45          unsigned char key_scanf(void)
  46          {
  47   1          unsigned char b;
  48   1          if(key_flag==1)
  49   1          {
  50   2              b = GetKey();
  51   2              while(key_flag==1);
  52   2          }
  53   1          return b;
  54   1      }
C51 COMPILER V9.54   KEY                                                                   03/19/2018 16:55:20 PAGE 2   



MODULE INFORMATION:   STATIC OVERLAYABLE
   CODE SIZE        =    119    ----
   CONSTANT SIZE    =   ----    ----
   XDATA SIZE       =   ----    ----
   PDATA SIZE       =   ----    ----
   DATA SIZE        =      1    ----
   IDATA SIZE       =   ----    ----
   BIT SIZE         =      1    ----
END OF MODULE INFORMATION.


C51 COMPILATION COMPLETE.  0 WARNING(S),  0 ERROR(S)
