C51 COMPILER V9.54   MAIN                                                                  03/30/2018 17:20:28 PAGE 1   


C51 COMPILER V9.54, COMPILATION OF MODULE MAIN
OBJECT MODULE PLACED IN .\Objects\main.obj
COMPILER INVOKED BY: E:\Keil\Keil_v5\C51\BIN\C51.EXE ..\App\main.c OPTIMIZE(8,SPEED) BROWSE INCDIR(..\Drivers) DEBUG OBJ
                    -ECTEXTEND PRINT(.\Listings\main.lst) OBJECT(.\Objects\main.obj)

line level    source

   1          #include "display.h"
   2          #include "key.h"
   3          #include "uart.h"
   4          #include "tim.h"
   5          #include "intrins.h"
   6          
   7          /*变量声明*/
   8          uchar key_num;
   9          uchar hour,min,sec;
  10          uchar led_sta=0xff;
  11          /*函数声明*/
  12          void init(void);
  13          void board_init(void);
  14          void led_test(void);
  15          void smg_test(void);
  16          
  17          
  18          /*主函数*/
  19          void main(void)
  20          {
  21   1          init();
  22   1          while(1)
  23   1          {
  24   2              
  25   2              XBYTE[0X8000] = led_sta;
  26   2              
  27   2              key_num = key_scanf();
  28   2              if      (key_num==S5_ON)
  29   2                  led_sta ^= 0x80;
  30   2              else if (key_num==S4_ON)
  31   2                  led_sta ^= 0x40;
  32   2          }
  33   1      }
  34          
  35          
  36          void timer0(void) interrupt 1
  37          {
  38   1          static uint sec_count=0; 
  39   1          TR0=0;
  40   1          display_time(hour,min,sec);
  41   1          
  42   1          if(++sec_count>500)
  43   1          {
  44   2              sec_count = 0;
  45   2              if(sec<60)
  46   2                  sec++;
  47   2              else
  48   2              {
  49   3                  sec = 0;
  50   3                  if(min<60)
  51   3                      min++;
  52   3                  else
  53   3                  {
  54   4                      min = 0;
C51 COMPILER V9.54   MAIN                                                                  03/30/2018 17:20:28 PAGE 2   

  55   4                      if(hour<24)
  56   4                          hour++;
  57   4                      else
  58   4                          hour = 0;
  59   4                  }
  60   3              }
  61   2          }
  62   1          TR0=1;
  63   1      }
  64          
  65          
  66          void timer1(void) interrupt 3
  67          {
  68   1          key_on();
  69   1      }
  70          
  71          
  72          void uart1(void) interrupt 4
  73          {
  74   1          uchar uart_rx;
  75   1          uart_rx = Uart_Receive_Byte();
  76   1          if     ((uart_rx&0xf0) == 0xa0)
  77   1              led_sta = ((~(uart_rx))&0x0f) | (led_sta&0xf0);
  78   1          else if((uart_rx&0xf0) == 0xb0)
  79   1          {
  80   2              Uart_Send_Byte(hour/10*16+hour%10);
  81   2              Uart_Send_Byte(min/10*16+min%10);
  82   2              Uart_Send_Byte(sec/10*16+sec%10);
  83   2          }
  84   1      }
  85          
  86          
  87          /*系统初始化*/
  88          void init(void)
  89          {
  90   1          board_init();
  91   1          led_test();
  92   1          smg_test();
  93   1          timer1_init();
  94   1          timer0_init();
  95   1          UartInit();
  96   1          EA = 1;
  97   1      }
  98          
  99          
 100          /*板初始化*/
 101          void board_init(void)
 102          {
 103   1          XBYTE[0X8000]=0XFF;
 104   1          XBYTE[0XA000]=0;
 105   1          XBYTE[0XC000]=0;
 106   1          XBYTE[0XE000]=0;
 107   1      }
 108          
 109          
 110          void led_test(void)
 111          {
 112   1          uchar i,dat=0xff;
 113   1          void Delay100ms(void);
 114   1          
 115   1          for(i=0;i<8;i++)
 116   1          {
C51 COMPILER V9.54   MAIN                                                                  03/30/2018 17:20:28 PAGE 3   

 117   2              dat &= ~(1<<i);
 118   2              XBYTE[0x8000] = dat;
 119   2              Delay100ms();
 120   2          }
 121   1          
 122   1          for(i=0;i<8;i++)
 123   1          {
 124   2              dat |= 1<<i;
 125   2              XBYTE[0x8000] = dat;
 126   2              Delay100ms();
 127   2          }
 128   1      }
 129          
 130          void smg_test(void)
 131          {
 132   1          uchar i,dat=0;
 133   1          void Delay100ms(void);
 134   1          
 135   1          for(i=0;i<8;i++)
 136   1          {
 137   2              dat |= 1<<i;
 138   2              display_test(dat);
 139   2              Delay100ms();
 140   2          }
 141   1          
 142   1          for(i=0;i<8;i++)
 143   1          {
 144   2              dat &= ~(1<<i);
 145   2              display_test(dat);
 146   2              Delay100ms();
 147   2          }
 148   1          
 149   1      }
 150          
 151          
 152          void Delay100ms(void)           //@11.0592MHz
 153          {
 154   1              unsigned char i, j, k;
 155   1      
 156   1              _nop_();
 157   1              _nop_();
 158   1              i = 5;
 159   1              j = 52;
 160   1              k = 195;
 161   1              do
 162   1              {
 163   2                      do
 164   2                      {
 165   3                              while (--k);
 166   3                      } while (--j);
 167   2              } while (--i);
 168   1      }


MODULE INFORMATION:   STATIC OVERLAYABLE
   CODE SIZE        =    581    ----
   CONSTANT SIZE    =   ----    ----
   XDATA SIZE       =   ----    ----
   PDATA SIZE       =   ----    ----
   DATA SIZE        =      7       4
   IDATA SIZE       =   ----    ----
   BIT SIZE         =   ----    ----
C51 COMPILER V9.54   MAIN                                                                  03/30/2018 17:20:28 PAGE 4   

END OF MODULE INFORMATION.


C51 COMPILATION COMPLETE.  0 WARNING(S),  0 ERROR(S)
