C51 COMPILER V9.54   MAIN                                                                  05/15/2018 19:11:00 PAGE 1   


C51 COMPILER V9.54, COMPILATION OF MODULE MAIN
OBJECT MODULE PLACED IN .\Objects\main.obj
COMPILER INVOKED BY: E:\Keil\Keil_v5\C51\BIN\C51.EXE main.c OPTIMIZE(8,SPEED) BROWSE DEBUG OBJECTEXTEND PRINT(.\Listings
                    -\main.lst) OBJECT(.\Objects\main.obj)

line level    source

   1          #include <stc15f2k60s2.h> 
   2          #include <absacc.h>
   3          #include <intrins.h>
   4          #include "display.h"
   5          #include "tim.h"
   6          #include "sonic.h"
   7          
   8          uint dat;
   9          
  10          /* º¯ÊýÉùÃ÷ */ 
  11          void init(void);
  12          void board_init(void);
  13          void Delay10ms();
  14          
  15          void main(void)
  16          {
  17   1          init();
  18   1          while(1)
  19   1          {
  20   2              dat = sonic_get();
  21   2              Delay10ms();
  22   2          }
  23   1      }
  24          
  25          
  26          void init(void)
  27          {
  28   1          EA = 0;
  29   1          board_init();
  30   1          timer0_init();
  31   1          timer1_init();
  32   1          timer2_init();
  33   1          EA = 1;
  34   1      }
  35          
  36          
  37          void board_init(void)
  38          {
  39   1          XBYTE[0X8000] = 0XFF;
  40   1          XBYTE[0XA000] = 0X00;
  41   1          XBYTE[0XC000] = 0XFF;
  42   1          XBYTE[0XE000] = 0XFF;
  43   1      }
  44          
  45          
  46          void timer0_isr(void) interrupt 1
  47          {
  48   1          display_smg(0,0,dat/100,dat%100);
  49   1      }
  50          
  51          
  52          void timer2_isr(void) interrupt 12
  53          {
  54   1          sonic_sent();
C51 COMPILER V9.54   MAIN                                                                  05/15/2018 19:11:00 PAGE 2   

  55   1      }
  56          
  57          
  58          void Delay10ms()                //@12.000MHz
  59          {
  60   1              unsigned char i, j;
  61   1      
  62   1              i = 117;
  63   1              j = 184;
  64   1              do
  65   1              {
  66   2                      while (--j);
  67   2              } while (--i);
  68   1      }
  69          


MODULE INFORMATION:   STATIC OVERLAYABLE
   CODE SIZE        =    210    ----
   CONSTANT SIZE    =   ----    ----
   XDATA SIZE       =   ----    ----
   PDATA SIZE       =   ----    ----
   DATA SIZE        =      2    ----
   IDATA SIZE       =   ----    ----
   BIT SIZE         =   ----    ----
END OF MODULE INFORMATION.


C51 COMPILATION COMPLETE.  0 WARNING(S),  0 ERROR(S)
