C51 COMPILER V9.54   SONIC                                                                 05/15/2018 19:09:29 PAGE 1   


C51 COMPILER V9.54, COMPILATION OF MODULE SONIC
OBJECT MODULE PLACED IN .\Objects\sonic.obj
COMPILER INVOKED BY: E:\Keil\Keil_v5\C51\BIN\C51.EXE sonic.c OPTIMIZE(8,SPEED) BROWSE DEBUG OBJECTEXTEND PRINT(.\Listing
                    -s\sonic.lst) OBJECT(.\Objects\sonic.obj)

line level    source

   1          #include "sonic.h"
   2          
   3          sbit SONIC_TX = P1^0;  //发射引脚
   4          sbit SONIC_RX = P1^1;  //接收引脚
   5          
   6          static bit sent_flag;
   7          
   8          void sonic_sent(void)
   9          {
  10   1          static uchar i;
  11   1          if(sent_flag)
  12   1          {
  13   2              SONIC_TX = ~SONIC_TX;
  14   2              if(++i>=8)
  15   2              {
  16   3                  i = 0;
  17   3                  sent_flag = 0;
  18   3              }
  19   2          }
  20   1      }
  21          
  22          
  23          // 200毫秒更新一次数据
  24          uint sonic_get(void)
  25          {
  26   1              uint t = 0;
  27   1              TH1 = 0;
  28   1              TL1 = 0;
  29   1              while(sent_flag);           //等待上一次发送完成
  30   1          sent_flag = 1;              //发生8个方波启动超声波模块
  31   1              TR1 = 1;                    //开始定时
  32   1              while((SONIC_RX==1)&&(TF1==0));   //等待收到脉冲   
  33   1              TR1 = 0;                    //关闭定时
  34   1              
  35   1              if((TF1 == 1))              //无返回|(TH1 & 0x10)
  36   1              {
  37   2                      TF1 = 0;                //没有检测到返回信号，定时器溢出清零
  38   2                      return 9999;            //无返回
  39   2              }
  40   1              else 
  41   1              {
  42   2                      t = TH1;
  43   2                      t <<= 8;
  44   2                      t |= TL1;
  45   2                      return (uint)(t*0.017); //计算距离      
  46   2              }
  47   1              
  48   1      } 


MODULE INFORMATION:   STATIC OVERLAYABLE
   CODE SIZE        =     81    ----
   CONSTANT SIZE    =   ----    ----
   XDATA SIZE       =   ----    ----
C51 COMPILER V9.54   SONIC                                                                 05/15/2018 19:09:29 PAGE 2   

   PDATA SIZE       =   ----    ----
   DATA SIZE        =      1    ----
   IDATA SIZE       =   ----    ----
   BIT SIZE         =      1    ----
END OF MODULE INFORMATION.


C51 COMPILATION COMPLETE.  0 WARNING(S),  0 ERROR(S)
