C51 COMPILER V9.54   TIM                                                                   05/15/2018 19:08:43 PAGE 1   


C51 COMPILER V9.54, COMPILATION OF MODULE TIM
OBJECT MODULE PLACED IN .\Objects\tim.obj
COMPILER INVOKED BY: E:\Keil\Keil_v5\C51\BIN\C51.EXE tim.c OPTIMIZE(8,SPEED) BROWSE DEBUG OBJECTEXTEND PRINT(.\Listings\
                    -tim.lst) OBJECT(.\Objects\tim.obj)

line level    source

   1          #include "tim.h"
   2          
   3          
   4          void timer0_init(void)
   5          {
   6   1          TH0 = (65536-2000)/256;
   7   1          TL0 = (65536-2000)%256;
   8   1          TMOD &= ~0x0f;
   9   1          ET0 = 1;
  10   1          TR0 = 1;
  11   1      }
  12          
  13          
  14          void timer1_init(void)
  15          {
  16   1          TH1 = 0;
  17   1          TL1 = 0;
  18   1          TMOD &= ~0xf0;
  19   1          ET1 = 0;
  20   1          TR1 = 0;
  21   1      }
  22          
  23          
  24          void timer2_init(void)          //10微秒@12.000MHz
  25          {
  26   1          T2L = 0xF6;         //设置定时初值
  27   1              T2H = 0xFF;             //设置定时初值
  28   1          AUXR |= 0x10; 
  29   1          IE2 |= 0x04;
  30   1      }
  31          
  32          
  33          


MODULE INFORMATION:   STATIC OVERLAYABLE
   CODE SIZE        =     40    ----
   CONSTANT SIZE    =   ----    ----
   XDATA SIZE       =   ----    ----
   PDATA SIZE       =   ----    ----
   DATA SIZE        =   ----    ----
   IDATA SIZE       =   ----    ----
   BIT SIZE         =   ----    ----
END OF MODULE INFORMATION.


C51 COMPILATION COMPLETE.  0 WARNING(S),  0 ERROR(S)
