C51 COMPILER V9.54   MAIN                                                                  05/19/2018 14:23:44 PAGE 1   


C51 COMPILER V9.54, COMPILATION OF MODULE MAIN
OBJECT MODULE PLACED IN .\Objects\main.obj
COMPILER INVOKED BY: E:\Keil\Keil_v5\C51\BIN\C51.EXE main.c OPTIMIZE(8,SPEED) BROWSE DEBUG OBJECTEXTEND PRINT(.\Listings
                    -\main.lst) OBJECT(.\Objects\main.obj)

line level    source

   1          #include "display.h"
   2          #include "tim.h"
   3          #include "irda.h"
   4          
   5          extern long frame_data;
   6          uchar frame_cnt;
   7          extern bit frame_flag;
   8          uchar isr_cnt;
   9          uchar key_val;
  10          
  11          /* 函数声明 */ 
  12          void init(void);
  13          void board_init(void);
  14          
  15          
  16          void main(void)
  17          {
  18   1          init();
  19   1          while(1)
  20   1          {
  21   2              ext0_port = ir;
  22   2              if(frame_flag == 1)
  23   2                  key_val = irda_process();
  24   2          }
  25   1      }
  26          
  27          
  28          void init(void)
  29          {
  30   1          EA = 0;
  31   1          board_init();
  32   1          timer0_init();
  33   1          ext0_init();
  34   1          EA = 1;
  35   1      }
  36          
  37          
  38          void board_init(void)
  39          {
  40   1          XBYTE[0X8000] = 0XFF;
  41   1          XBYTE[0XA000] = 0X00;
  42   1          XBYTE[0XC000] = 0XFF;
  43   1          XBYTE[0XE000] = 0XFF;
  44   1      }
  45          
  46          
  47          void timer0_isr(void) interrupt 1
  48          {
  49   1          display_smg(frame_cnt,isr_cnt,key_val/100,key_val%100);
  50   1      }
  51          
  52          
  53          void ext0_isr(void) interrupt 0
  54          {
C51 COMPILER V9.54   MAIN                                                                  05/19/2018 14:23:44 PAGE 2   

  55   1          uchar pluse_time = 0;
  56   1          bit leader_code_flag = 0;
  57   1          uchar irda_data = 0;
  58   1          
  59   1          while(1)
  60   1          {
  61   2              if(ir)
  62   2              {
  63   3                  pluse_time = get_pluse_time();
  64   3                  if(pluse_time >= 250)
  65   3                      break;                                  //>5ms不是有用信号跳出循环
  66   3                  if(pluse_time >= 200 && pluse_time < 250)   //获得前导位 4ms-4.5ms
  67   3                      leader_code_flag = 1;
  68   3                  else if(pluse_time >= 10 && pluse_time<50)  //0.2ms-1ms 数据0
  69   3                      irda_data = 0;
  70   3                  else if(pluse_time >= 50 && pluse_time<100) //1ms-2ms   数据1
  71   3                      irda_data = 1;
  72   3                  else if(pluse_time>=100 &&pluse_time <= 200)//2ms-4ms 连发码，第二次中断出现
  73   3                  {
  74   4                      frame_flag = 1;                         //一帧数据接收完成
  75   4                      frame_cnt++;                            //按键次数+1
  76   4                      isr_cnt++;                              //进中断次数+1
  77   4                      break;
  78   4                  }
  79   3                  
  80   3                  if(leader_code_flag)                        //在第一次中断中完成
  81   3                  {
  82   4                      frame_data <<= 1;
  83   4                      frame_data += irda_data;
  84   4                      frame_cnt = 0;
  85   4                      isr_cnt = 1;
  86   4                  }
  87   3              }
  88   2          }
  89   1      }


MODULE INFORMATION:   STATIC OVERLAYABLE
   CODE SIZE        =    336    ----
   CONSTANT SIZE    =   ----    ----
   XDATA SIZE       =   ----    ----
   PDATA SIZE       =   ----    ----
   DATA SIZE        =      3       1
   IDATA SIZE       =   ----    ----
   BIT SIZE         =   ----       1
END OF MODULE INFORMATION.


C51 COMPILATION COMPLETE.  0 WARNING(S),  0 ERROR(S)
