C51 COMPILER V9.54   TIM                                                                   05/19/2018 13:47:55 PAGE 1   


C51 COMPILER V9.54, COMPILATION OF MODULE TIM
OBJECT MODULE PLACED IN .\Objects\tim.obj
COMPILER INVOKED BY: E:\Keil\Keil_v5\C51\BIN\C51.EXE tim.c OPTIMIZE(8,SPEED) BROWSE DEBUG OBJECTEXTEND PRINT(.\Listings\
                    -tim.lst) OBJECT(.\Objects\tim.obj)

line level    source

   1          #include "tim.h"
   2          
   3          
   4          void timer0_init(void)
   5          {
   6   1          TH0 = (65536-2000)/256;
   7   1          TL0 = (65536-2000)%256;
   8   1          TMOD &= ~0x0f;
   9   1          ET0 = 1;
  10   1          TR0 = 1;
  11   1      }
  12          
  13          
  14          void ext0_init(void)
  15          {
  16   1          EX0=1;
  17   1              IT0=1;
  18   1      }


MODULE INFORMATION:   STATIC OVERLAYABLE
   CODE SIZE        =     19    ----
   CONSTANT SIZE    =   ----    ----
   XDATA SIZE       =   ----    ----
   PDATA SIZE       =   ----    ----
   DATA SIZE        =   ----    ----
   IDATA SIZE       =   ----    ----
   BIT SIZE         =   ----    ----
END OF MODULE INFORMATION.


C51 COMPILATION COMPLETE.  0 WARNING(S),  0 ERROR(S)
