Added Component: Designator=1117_3.3V(AMS1117-3.3V  SOT-223  贴片)
Added Component: Designator=C1(电容22pF)
Added Component: Designator=C2(电容22pF)
Added Component: Designator=C3(电容)
Added Component: Designator=C4(电容)
Added Component: Designator=C5(电容CBB224(0.22))
Added Component: Designator=C13(电容)
Added Component: Designator=J3(下载口)
Added Component: Designator=P3(无线模块)
Added Component: Designator=PW(LED)
Added Component: Designator=R1(0805)
Added Component: Designator=R2(0805)
Added Component: Designator=S1(4脚按键)
Added Component: Designator=U1(Quad44)
Added Component: Designator=U2(蓝牙)
Added Component: Designator=U3(usb)
Added Component: Designator=Y1(晶振)
Added Pin To Net: NetName=GND Pin=1117_3.3V-1
Added Pin To Net: NetName=3.3V Pin=1117_3.3V-2
Added Pin To Net: NetName=VCC Pin=1117_3.3V-3
Added Pin To Net: NetName=GND Pin=C1-1
Added Pin To Net: NetName=NetC1_2 Pin=C1-2
Added Pin To Net: NetName=GND Pin=C2-1
Added Pin To Net: NetName=NetC2_2 Pin=C2-2
Added Pin To Net: NetName=VCC Pin=C3-1
Added Pin To Net: NetName=GND Pin=C3-2
Added Pin To Net: NetName=3.3V Pin=C4-1
Added Pin To Net: NetName=GND Pin=C4-2
Added Pin To Net: NetName=3.3V Pin=C5-1
Added Pin To Net: NetName=GND Pin=C5-2
Added Pin To Net: NetName=NetC13_1 Pin=C13-1
Added Pin To Net: NetName=GND Pin=C13-2
Added Pin To Net: NetName=MOSI Pin=J3-1
Added Pin To Net: NetName=RES Pin=J3-3
Added Pin To Net: NetName=SCK Pin=J3-4
Added Pin To Net: NetName=MISO Pin=J3-5
Added Pin To Net: NetName=VCC Pin=J3-6
Added Pin To Net: NetName=GND Pin=J3-7
Added Pin To Net: NetName=GND Pin=J3-8
Added Pin To Net: NetName=GND Pin=J3-9
Added Pin To Net: NetName=GND Pin=J3-10
Added Pin To Net: NetName=GND Pin=P3-1
Added Pin To Net: NetName=3.3V Pin=P3-2
Added Pin To Net: NetName=CE Pin=P3-3
Added Pin To Net: NetName=CSN Pin=P3-4
Added Pin To Net: NetName=SCK Pin=P3-5
Added Pin To Net: NetName=MOSI Pin=P3-6
Added Pin To Net: NetName=MISO Pin=P3-7
Added Pin To Net: NetName=IRQ Pin=P3-8
Added Pin To Net: NetName=NetPW_1 Pin=PW-1
Added Pin To Net: NetName=GND Pin=PW-2
Added Pin To Net: NetName=3.3V Pin=R1-1
Added Pin To Net: NetName=NetC13_1 Pin=R1-2
Added Pin To Net: NetName=3.3V Pin=R2-1
Added Pin To Net: NetName=NetPW_1 Pin=R2-2
Added Pin To Net: NetName=NetC13_1 Pin=S1-1
Added Pin To Net: NetName=NetC13_1 Pin=S1-1
Added Pin To Net: NetName=GND Pin=S1-2
Added Pin To Net: NetName=GND Pin=S1-2
Added Pin To Net: NetName=NetC13_1 Pin=U1-4
Added Pin To Net: NetName=GND Pin=U1-6
Added Pin To Net: NetName=NetC1_2 Pin=U1-7
Added Pin To Net: NetName=NetC2_2 Pin=U1-8
Added Pin To Net: NetName=RXD0 Pin=U1-9
Added Pin To Net: NetName=TXD0 Pin=U1-10
Added Pin To Net: NetName=RXD1 Pin=U1-11
Added Pin To Net: NetName=TXD1 Pin=U1-12
Added Pin To Net: NetName=3.3V Pin=U1-17
Added Pin To Net: NetName=GND Pin=U1-18
Added Pin To Net: NetName=3.3V Pin=U1-27
Added Pin To Net: NetName=GND Pin=U1-28
Added Pin To Net: NetName=3.3V Pin=U1-29
Added Pin To Net: NetName=3.3V Pin=U1-38
Added Pin To Net: NetName=GND Pin=U1-39
Added Pin To Net: NetName=TXD0 Pin=U2-1
Added Pin To Net: NetName=RXD0 Pin=U2-2
Added Pin To Net: NetName=GND Pin=U2-3
Added Pin To Net: NetName=3.3V Pin=U2-4
Added Pin To Net: NetName=TXD1 Pin=U3-1
Added Pin To Net: NetName=RXD1 Pin=U3-2
Added Pin To Net: NetName=VCC Pin=U3-3
Added Pin To Net: NetName=GND Pin=U3-4
Added Pin To Net: NetName=3.3V Pin=U3-5
Added Pin To Net: NetName=NetC2_2 Pin=Y1-1
Added Pin To Net: NetName=NetC1_2 Pin=Y1-2
Added Member To Class: ClassName=Sheet1 Member=Component 1117_3.3V AMS1117
Added Member To Class: ClassName=Sheet1 Member=Component C1 
Added Member To Class: ClassName=Sheet1 Member=Component C2 
Added Member To Class: ClassName=Sheet1 Member=Component C3 
Added Member To Class: ClassName=Sheet1 Member=Component C4 
Added Member To Class: ClassName=Sheet1 Member=Component C5 Cap
Added Member To Class: ClassName=Sheet1 Member=Component C13 
Added Member To Class: ClassName=Sheet1 Member=Component J3 牛角座
Added Member To Class: ClassName=Sheet1 Member=Component P3 无线
Added Member To Class: ClassName=Sheet1 Member=Component PW 
Added Member To Class: ClassName=Sheet1 Member=Component R1 
Added Member To Class: ClassName=Sheet1 Member=Component R2 
Added Member To Class: ClassName=Sheet1 Member=Component S1 
Added Member To Class: ClassName=Sheet1 Member=Component U1 atmaega164
Added Member To Class: ClassName=Sheet1 Member=Component U2 蓝牙
Added Member To Class: ClassName=Sheet1 Member=Component U3 usb外接
Added Member To Class: ClassName=Sheet1 Member=Component Y1 8M
Added Room: Name=Sheet1
