C51 COMPILER V9.54   DS1302                                                                05/22/2018 21:08:16 PAGE 1   


C51 COMPILER V9.54, COMPILATION OF MODULE DS1302
OBJECT MODULE PLACED IN ..\Output\ds1302.obj
COMPILER INVOKED BY: E:\Keil\Keil_v5\C51\BIN\C51.EXE ..\Drivers\ds1302.c OPTIMIZE(8,SPEED) BROWSE INCDIR(..\Drivers;..\A
                    -pp) DEBUG OBJECTEXTEND PRINT(..\Listing\ds1302.lst) OBJECT(..\Output\ds1302.obj)

line level    source

   1          #include "ds1302.h"
   2          
   3          sbit io = P2^3;
   4          sbit sck = P1^7;
   5          sbit rst = P1^3;
   6          
   7          static uchar hex_bcd(uchar dat)
   8          {
   9   1          return dat/10*16+dat%10;
  10   1      }
  11          
  12          static uchar bcd_hex(uchar dat)
  13          {
  14   1          return dat/16*10+dat%16;
  15   1      }
  16          
  17          static void write(uchar dat)
  18          {
  19   1          uchar i;
  20   1          for(i=0;i<8;i++)
  21   1          {
  22   2              sck = 0;
  23   2              io = dat&1;
  24   2              dat>>=1;
  25   2              sck = 1;
  26   2              
  27   2          }
  28   1      }
  29          
  30          
  31          static uchar read(void)
  32          {
  33   1          uchar i,dat;
  34   1          io = 1;
  35   1          for(i=0;i<8;i++)
  36   1          {
  37   2              dat>>=1;
  38   2              sck = 0;
  39   2              if(io)
  40   2                  dat|=0x80;
  41   2              sck = 1;
  42   2          }
  43   1          return dat;
  44   1      }
  45          
  46          
  47          void ds1302_write(uchar add,uchar dat)
  48          {
  49   1          rst = 0;
  50   1          io = 0;
  51   1          sck = 0;
  52   1          rst = 1;
  53   1          dat = hex_bcd(dat);
  54   1          write(add);
C51 COMPILER V9.54   DS1302                                                                05/22/2018 21:08:16 PAGE 2   

  55   1          write(dat);
  56   1          rst = 0;
  57   1      }
  58          
  59          uchar ds1302_read(uchar add)
  60          {
  61   1          uchar dat;
  62   1          rst = 0;
  63   1          io = 0;
  64   1          sck = 0;
  65   1          rst = 1;
  66   1          dat = hex_bcd(dat);
  67   1          write(add);
  68   1          dat = read();
  69   1          rst = 0;
  70   1          return bcd_hex(dat);
  71   1      }
  72          
  73          
  74          void ds1302_init(void)
  75          {
  76   1          ds1302_write(0x8e,0);
  77   1          ds1302_write(ds_w_sec,0);
  78   1          ds1302_write(ds_w_min,59);
  79   1          ds1302_write(ds_w_hour,23);
  80   1          ds1302_write(0x8e,0x80);
  81   1      }
  82          
  83          
  84          


MODULE INFORMATION:   STATIC OVERLAYABLE
   CODE SIZE        =    153    ----
   CONSTANT SIZE    =   ----    ----
   XDATA SIZE       =   ----    ----
   PDATA SIZE       =   ----    ----
   DATA SIZE        =   ----    ----
   IDATA SIZE       =   ----    ----
   BIT SIZE         =   ----    ----
END OF MODULE INFORMATION.


C51 COMPILATION COMPLETE.  0 WARNING(S),  0 ERROR(S)
