C51 COMPILER V9.54   KEY                                                                   05/22/2018 21:08:16 PAGE 1   


C51 COMPILER V9.54, COMPILATION OF MODULE KEY
OBJECT MODULE PLACED IN ..\Output\key.obj
COMPILER INVOKED BY: E:\Keil\Keil_v5\C51\BIN\C51.EXE ..\Drivers\key.c OPTIMIZE(8,SPEED) BROWSE INCDIR(..\Drivers;..\App)
                    - DEBUG OBJECTEXTEND PRINT(..\Listing\key.lst) OBJECT(..\Output\key.obj)

line level    source

   1          #include "key.h"
   2          
   3          
   4          bit key_flag;
   5          
   6          static unsigned char GetKey(void)
   7          {
   8   1          unsigned char i;
   9   1          P42 = 1;
  10   1          P44 = 1;
  11   1          for(i=0;i<4;i++)
  12   1          {   
  13   2              P3=~(1<<i);
  14   2              if     (P44 == 0)    return i*4+1;
  15   2              else if(P42 == 0)    return i*4+2;
  16   2              else if(P35 == 0)    return i*4+3;
  17   2              else if(P34 == 0)    return i*4+4;
  18   2          }
  19   1          return 0;
  20   1      }
  21          
  22          
  23          void key_on(void)
  24          {
  25   1          static uchar count;
  26   1          if(GetKey()>0)
  27   1          {
  28   2              if(count<3)
  29   2                  count++;
  30   2              else
  31   2              {
  32   3                  count = 10;
  33   3                  key_flag = 1;
  34   3              }
  35   2          }
  36   1          else
  37   1          {
  38   2              key_flag = 0;
  39   2              count = 0;
  40   2          }
  41   1      }
  42          
  43          
  44          uchar key(void)
  45          {
  46   1          uchar key_num = 0;
  47   1          if(key_flag)
  48   1          {
  49   2              key_num = GetKey();
  50   2              while(key_flag);
  51   2          }
  52   1          return key_num;
  53   1      }

C51 COMPILER V9.54   KEY                                                                   05/22/2018 21:08:16 PAGE 2   


MODULE INFORMATION:   STATIC OVERLAYABLE
   CODE SIZE        =    116    ----
   CONSTANT SIZE    =   ----    ----
   XDATA SIZE       =   ----    ----
   PDATA SIZE       =   ----    ----
   DATA SIZE        =      1    ----
   IDATA SIZE       =   ----    ----
   BIT SIZE         =      1    ----
END OF MODULE INFORMATION.


C51 COMPILATION COMPLETE.  0 WARNING(S),  0 ERROR(S)
