C51 COMPILER V9.54   TIM                                                                   05/22/2018 21:08:16 PAGE 1   


C51 COMPILER V9.54, COMPILATION OF MODULE TIM
OBJECT MODULE PLACED IN ..\Output\tim.obj
COMPILER INVOKED BY: E:\Keil\Keil_v5\C51\BIN\C51.EXE ..\Drivers\tim.c OPTIMIZE(8,SPEED) BROWSE INCDIR(..\Drivers;..\App)
                    - DEBUG OBJECTEXTEND PRINT(..\Listing\tim.lst) OBJECT(..\Output\tim.obj)

line level    source

   1          #include "tim.h"
   2          
   3          
   4          void timer0_init(void)
   5          {
   6   1          TH0 = 0x00;
   7   1          TL0 = 0x00;
   8   1          TMOD &= ~0x0f;
   9   1          TMOD |= 0x04;
  10   1          TR0 = 1;
  11   1      }
  12          
  13          
  14          void timer1_init(void)
  15          {
  16   1          TH1 = (65536-1000)/256;
  17   1          TL1 = (65536-1000)%256;
  18   1          TMOD &= ~0xf0;
  19   1          ET1 = 1;
  20   1          TR1 = 1;
  21   1      }
  22          
  23          
  24          void timer2_init(void)  //1毫秒@11.0592MHz
  25          {
  26   1          AUXR &= 0xFB;               //定时器时钟12T模式
  27   1              T2L = 0x66;                 //设置定时初值
  28   1              T2H = 0xFC;                 //设置定时初值
  29   1              AUXR |= 0x10;           //定时器2开始计时
  30   1          IE2 |= 0x04;
  31   1      }
  32          
  33          
  34          


MODULE INFORMATION:   STATIC OVERLAYABLE
   CODE SIZE        =     44    ----
   CONSTANT SIZE    =   ----    ----
   XDATA SIZE       =   ----    ----
   PDATA SIZE       =   ----    ----
   DATA SIZE        =   ----    ----
   IDATA SIZE       =   ----    ----
   BIT SIZE         =   ----    ----
END OF MODULE INFORMATION.


C51 COMPILATION COMPLETE.  0 WARNING(S),  0 ERROR(S)
